
          Lattice Mapping Report File for Design Module 'Fipsy_Top'


Design Information
------------------

Command line:   map -a MachXO2 -p LCMXO2-1200HC -t QFN32 -s 4 -oc Commercial
     FipsyBaseline_Implementation.ngd -o FipsyBaseline_Implementation_map.ncd
     -pr FipsyBaseline_Implementation.prf -mp FipsyBaseline_Implementation.mrp
     -lpf C:/Users/enact/OneDrive/Documents/VGA_Pong_FipsyV2_campaign_20250215/C
     olorPong/Implementation/FipsyBaseline_Implementation.lpf -lpf C:/Users/enac
     t/OneDrive/Documents/VGA_Pong_FipsyV2_campaign_20250215/ColorPong/FipsyBase
     line.lpf -c 0 -gui -msgset C:/Users/enact/OneDrive/Documents/VGA_Pong_Fipsy
     V2_campaign_20250215/ColorPong/promote.xml 
Target Vendor:  LATTICE
Target Device:  LCMXO2-1200HCQFN32
Target Performance:   4
Mapper:  xo2c00,  version:  Diamond (64-bit) 3.13.0.56.2
Mapped on:  03/14/25  16:21:42

Design Summary
--------------

   Number of registers:    138 out of  1346 (10%)
      PFU registers:          138 out of  1280 (11%)
      PIO registers:            0 out of    66 (0%)
   Number of SLICEs:       245 out of   640 (38%)
      SLICEs as Logic/ROM:    245 out of   640 (38%)
      SLICEs as RAM:            0 out of   480 (0%)
      SLICEs as Carry:        143 out of   640 (22%)
   Number of LUT4s:        488 out of  1280 (38%)
      Number used as logic LUTs:        202
      Number used as distributed RAM:     0
      Number used as ripple logic:      286
      Number used as shift registers:     0
   Number of PIO sites used: 13 + 4(JTAG) out of 22 (77%)
   Number of block RAMs:  2 out of 7 (29%)
   Number of GSRs:        0 out of 1 (0%)
   EFB used :        No
   JTAG used :       No
   Readback used :   No
   Oscillator used : Yes
   Startup used :    No
   POR :             On
   Bandgap :         On
   Number of Power Controller:  0 out of 1 (0%)
   Number of Dynamic Bank Controller (BCINRD):  0 out of 4 (0%)
   Number of Dynamic Bank Controller (BCLVDSO):  0 out of 1 (0%)
   Number of DCCA:  0 out of 8 (0%)
   Number of DCMA:  0 out of 2 (0%)
   Number of PLLs:  1 out of 1 (100%)
   Number of DQSDLLs:  0 out of 2 (0%)
   Number of CLKDIVC:  0 out of 4 (0%)
   Number of ECLKSYNCA:  0 out of 4 (0%)
   Number of ECLKBRIDGECS:  0 out of 2 (0%)
   Notes:-
      1. Total number of LUT4s = (Number of logic LUT4s) + 2*(Number of
     distributed RAMs) + 2*(Number of ripple logic)
      2. Number of logic LUT4s does not include count of distributed RAM and
     ripple logic.
   Number of clocks:  5

                                    Page 1




Design:  Fipsy_Top                                     Date:  03/14/25  16:21:42

Design Summary (cont)
---------------------
     Net INTERNAL_OSC: 1 loads, 1 rising, 0 falling (Driver: OSCH_inst )
     Net vga_inst/line_cycle: 22 loads, 0 rising, 22 falling (Driver:
     vga_inst/column_273__i9 )
     Net clk: 21 loads, 20 rising, 1 falling (Driver: Clk_25MHz_inst/PLLInst_0 )
     
     Net vga_inst/led_count_6: 30 loads, 0 rising, 30 falling (Driver:
     vga_inst/led_count_276__i6 )
     Net vga_inst/led_count_5: 10 loads, 0 rising, 10 falling (Driver:
     vga_inst/led_count_276__i5 )
   Number of Clock Enables:  7
     Net vga_inst/led_count_6__N_40_enable_29: 2 loads, 2 LSLICEs
     Net vga_inst/led_count_6__N_40_enable_14: 6 loads, 6 LSLICEs
     Net vga_inst/led_count_6__N_40_enable_23: 6 loads, 6 LSLICEs
     Net led_count_6__N_40_enable_5: 1 loads, 1 LSLICEs
     Net vga_inst/fipsy_rom_data_mem_7__N_240: 4 loads, 4 LSLICEs
     Net vga_inst/line_cycle_derived_37_enable_8: 5 loads, 5 LSLICEs
     Net vga_inst/led_count_6__N_40_enable_28: 2 loads, 2 LSLICEs
   Number of LSRs:  8
     Net vga_inst/n1339: 6 loads, 6 LSLICEs
     Net vga_inst/n1349: 2 loads, 2 LSLICEs
     Net vga_inst/led_count_6__N_40_enable_14: 2 loads, 2 LSLICEs
     Net vga_inst/n1341: 4 loads, 4 LSLICEs
     Net vga_inst/n3509: 4 loads, 4 LSLICEs
     Net vga_inst/n1340: 3 loads, 3 LSLICEs
     Net vga_inst/n1344: 6 loads, 6 LSLICEs
     Net vga_inst/n1346: 2 loads, 2 LSLICEs
   Number of nets driven by tri-state buffers:  0
   Top 10 highest fanout non-clock nets:
     Net game_state_0: 24 loads
     Net vga_inst/row_3: 19 loads
     Net vga_inst/paddle_left_y_9: 15 loads
     Net vga_inst/paddle_right_y_9: 15 loads
     Net vga_inst/column_0: 12 loads
     Net vga_inst/column_3: 12 loads
     Net vga_inst/column_4: 12 loads
     Net vga_inst/column_6: 12 loads
     Net vga_inst/n2372: 12 loads
     Net PIN8_c: 11 loads




   Number of warnings:  0
   Number of errors:    0
     

Design Errors/Warnings
----------------------

   No errors or warnings present.

IO (PIO) Attributes
-------------------

+---------------------+-----------+-----------+------------+
| IO Name             | Direction | Levelmode | IO         |

                                    Page 2




Design:  Fipsy_Top                                     Date:  03/14/25  16:21:42

IO (PIO) Attributes (cont)
--------------------------
|                     |           |  IO_TYPE  | Register   |
+---------------------+-----------+-----------+------------+
| PIN9                | INPUT     | LVCMOS33  |            |
+---------------------+-----------+-----------+------------+
| PIN8                | INPUT     | LVCMOS33  |            |
+---------------------+-----------+-----------+------------+
| PIN7                | INPUT     | LVCMOS33  |            |
+---------------------+-----------+-----------+------------+
| PIN10               | INPUT     | LVCMOS33  |            |
+---------------------+-----------+-----------+------------+
| LEDn                | OUTPUT    | LVCMOS33  |            |
+---------------------+-----------+-----------+------------+
| PIN20               | OUTPUT    | LVCMOS33  |            |
+---------------------+-----------+-----------+------------+
| PIN19               | OUTPUT    | LVCMOS33  |            |
+---------------------+-----------+-----------+------------+
| PIN18               | OUTPUT    | LVCMOS33  |            |
+---------------------+-----------+-----------+------------+
| PIN17               | OUTPUT    | LVCMOS33  |            |
+---------------------+-----------+-----------+------------+
| PIN14               | OUTPUT    | LVCMOS33  |            |
+---------------------+-----------+-----------+------------+
| PIN13               | OUTPUT    | LVCMOS33  |            |
+---------------------+-----------+-----------+------------+
| PIN12               | OUTPUT    | LVCMOS33  |            |
+---------------------+-----------+-----------+------------+
| PIN11               | OUTPUT    | LVCMOS33  |            |
+---------------------+-----------+-----------+------------+

Removed logic
-------------

Block GSR_INST undriven or does not drive anything - clipped.
Signal vga_inst/led_count_5__N_165 was merged into signal vga_inst/led_count_5
Signal vga_inst/line_cycle__inv was merged into signal vga_inst/line_cycle
Signal vga_inst/led_count_6__N_40 was merged into signal vga_inst/led_count_6
Signal vga_inst/fipsy_logo_inst/clk_N_418 was merged into signal clk
Signal GND_net undriven or does not drive anything - clipped.
Signal VCC_net undriven or does not drive anything - clipped.
Signal vga_inst/fipsy_rom_data_mem_7__I_0_0/S1 undriven or does not drive
     anything - clipped.
Signal vga_inst/fipsy_rom_data_mem_7__I_0_0/S0 undriven or does not drive
     anything - clipped.
Signal vga_inst/fipsy_rom_data_mem_7__I_0_0/CI undriven or does not drive
     anything - clipped.
Signal vga_inst/add_166_1/S0 undriven or does not drive anything - clipped.
Signal vga_inst/add_166_1/CI undriven or does not drive anything - clipped.
Signal vga_inst/unary_minus_147_add_3_11/S1 undriven or does not drive anything
     - clipped.
Signal vga_inst/unary_minus_147_add_3_11/CO undriven or does not drive anything
     - clipped.
Signal vga_inst/column_273_add_4_1/S0 undriven or does not drive anything -
     clipped.
Signal vga_inst/column_273_add_4_1/CI undriven or does not drive anything -
     clipped.
Signal vga_inst/column_273_add_4_11/S1 undriven or does not drive anything -

                                    Page 3




Design:  Fipsy_Top                                     Date:  03/14/25  16:21:42

Removed logic (cont)
--------------------
     clipped.
Signal vga_inst/column_273_add_4_11/CO undriven or does not drive anything -
     clipped.
Signal vga_inst/row_275_add_4_1/S0 undriven or does not drive anything -
     clipped.
Signal vga_inst/row_275_add_4_1/CI undriven or does not drive anything -
     clipped.
Signal vga_inst/add_2368_8/CO undriven or does not drive anything - clipped.
Signal vga_inst/row_275_add_4_11/S1 undriven or does not drive anything -
     clipped.
Signal vga_inst/row_275_add_4_11/CO undriven or does not drive anything -
     clipped.
Signal vga_inst/led_count_276_add_4_1/S0 undriven or does not drive anything -
     clipped.
Signal vga_inst/led_count_276_add_4_1/CI undriven or does not drive anything -
     clipped.
Signal vga_inst/led_count_276_add_4_15/S1 undriven or does not drive anything -
     clipped.
Signal vga_inst/led_count_276_add_4_15/CO undriven or does not drive anything -
     clipped.
Signal vga_inst/fipsy_offset_277_294_add_4_1/S0 undriven or does not drive
     anything - clipped.
Signal vga_inst/fipsy_offset_277_294_add_4_1/CI undriven or does not drive
     anything - clipped.
Signal vga_inst/fipsy_offset_277_294_add_4_9/S1 undriven or does not drive
     anything - clipped.
Signal vga_inst/fipsy_offset_277_294_add_4_9/CO undriven or does not drive
     anything - clipped.
Signal vga_inst/ball_y_9__I_0_241_add_2_1/S0 undriven or does not drive anything
     - clipped.
Signal vga_inst/ball_y_9__I_0_241_add_2_1/CI undriven or does not drive anything
     - clipped.
Signal vga_inst/ball_y_9__I_0_241_add_2_11/S1 undriven or does not drive
     anything - clipped.
Signal vga_inst/ball_y_9__I_0_241_add_2_11/CO undriven or does not drive
     anything - clipped.
Signal vga_inst/ball_x_9__I_0_239_add_2_1/S0 undriven or does not drive anything
     - clipped.
Signal vga_inst/ball_x_9__I_0_239_add_2_1/CI undriven or does not drive anything
     - clipped.
Signal vga_inst/ball_x_9__I_0_239_add_2_11/S1 undriven or does not drive
     anything - clipped.
Signal vga_inst/ball_x_9__I_0_239_add_2_11/CO undriven or does not drive
     anything - clipped.
Signal vga_inst/sub_52_add_2_1/S0 undriven or does not drive anything - clipped.
     
Signal vga_inst/sub_52_add_2_1/CI undriven or does not drive anything - clipped.
     
Signal vga_inst/sub_52_add_2_11/S1 undriven or does not drive anything -
     clipped.
Signal vga_inst/sub_52_add_2_11/CO undriven or does not drive anything -
     clipped.
Signal vga_inst/sub_59_add_2_1/S0 undriven or does not drive anything - clipped.
     
Signal vga_inst/sub_59_add_2_1/CI undriven or does not drive anything - clipped.
     

                                    Page 4




Design:  Fipsy_Top                                     Date:  03/14/25  16:21:42

Removed logic (cont)
--------------------
Signal vga_inst/add_174_11/S1 undriven or does not drive anything - clipped.
Signal vga_inst/add_174_11/CO undriven or does not drive anything - clipped.
Signal vga_inst/add_2368_2/S1 undriven or does not drive anything - clipped.
Signal vga_inst/add_2368_2/S0 undriven or does not drive anything - clipped.
Signal vga_inst/add_2368_2/CI undriven or does not drive anything - clipped.
Signal vga_inst/add_2366_1/S1 undriven or does not drive anything - clipped.
Signal vga_inst/add_2366_1/S0 undriven or does not drive anything - clipped.
Signal vga_inst/add_2366_1/CI undriven or does not drive anything - clipped.
Signal vga_inst/sub_59_add_2_11/S1 undriven or does not drive anything -
     clipped.
Signal vga_inst/sub_59_add_2_11/CO undriven or does not drive anything -
     clipped.
Signal vga_inst/sub_139_add_2_1/S0 undriven or does not drive anything -
     clipped.
Signal vga_inst/sub_139_add_2_1/CI undriven or does not drive anything -
     clipped.
Signal vga_inst/sub_139_add_2_11/S1 undriven or does not drive anything -
     clipped.
Signal vga_inst/sub_139_add_2_11/CO undriven or does not drive anything -
     clipped.
Signal vga_inst/sub_156_add_2_1/S0 undriven or does not drive anything -
     clipped.
Signal vga_inst/sub_156_add_2_1/CI undriven or does not drive anything -
     clipped.
Signal vga_inst/sub_156_add_2_11/S1 undriven or does not drive anything -
     clipped.
Signal vga_inst/sub_156_add_2_11/CO undriven or does not drive anything -
     clipped.
Signal vga_inst/add_2364_1/S0 undriven or does not drive anything - clipped.
Signal vga_inst/add_2364_1/CI undriven or does not drive anything - clipped.
Signal vga_inst/add_2366_11/S1 undriven or does not drive anything - clipped.
Signal vga_inst/add_2366_11/CO undriven or does not drive anything - clipped.
Signal vga_inst/add_2364_9/CO undriven or does not drive anything - clipped.
Signal vga_inst/add_252_2/S0 undriven or does not drive anything - clipped.
Signal vga_inst/add_252_2/CI undriven or does not drive anything - clipped.
Signal vga_inst/unary_minus_148_add_3_1/S0 undriven or does not drive anything -
     clipped.
Signal vga_inst/unary_minus_148_add_3_1/CI undriven or does not drive anything -
     clipped.
Signal vga_inst/add_252_8/CO undriven or does not drive anything - clipped.
Signal vga_inst/add_145_11/S1 undriven or does not drive anything - clipped.
Signal vga_inst/add_145_11/CO undriven or does not drive anything - clipped.
Signal vga_inst/add_174_1/S0 undriven or does not drive anything - clipped.
Signal vga_inst/add_174_1/CI undriven or does not drive anything - clipped.
Signal vga_inst/add_2365_1/S1 undriven or does not drive anything - clipped.
Signal vga_inst/add_2365_1/S0 undriven or does not drive anything - clipped.
Signal vga_inst/add_2365_1/CI undriven or does not drive anything - clipped.
Signal vga_inst/add_166_11/S1 undriven or does not drive anything - clipped.
Signal vga_inst/add_166_11/CO undriven or does not drive anything - clipped.
Signal vga_inst/unary_minus_148_add_3_11/S1 undriven or does not drive anything
     - clipped.
Signal vga_inst/unary_minus_148_add_3_11/CO undriven or does not drive anything
     - clipped.
Signal vga_inst/add_170_1/S0 undriven or does not drive anything - clipped.
Signal vga_inst/add_170_1/CI undriven or does not drive anything - clipped.
Signal vga_inst/add_162_1/S1 undriven or does not drive anything - clipped.

                                    Page 5




Design:  Fipsy_Top                                     Date:  03/14/25  16:21:42

Removed logic (cont)
--------------------
Signal vga_inst/add_162_1/S0 undriven or does not drive anything - clipped.
Signal vga_inst/add_162_1/CI undriven or does not drive anything - clipped.
Signal vga_inst/fipsy_rom_data_mem_7__I_0_7/S1 undriven or does not drive
     anything - clipped.
Signal vga_inst/fipsy_rom_data_mem_7__I_0_7/S0 undriven or does not drive
     anything - clipped.
Signal vga_inst/add_158_1/S1 undriven or does not drive anything - clipped.
Signal vga_inst/add_158_1/S0 undriven or does not drive anything - clipped.
Signal vga_inst/add_158_1/CI undriven or does not drive anything - clipped.
Signal vga_inst/add_2367_11/S1 undriven or does not drive anything - clipped.
Signal vga_inst/add_2367_11/CO undriven or does not drive anything - clipped.
Signal vga_inst/add_145_1/S0 undriven or does not drive anything - clipped.
Signal vga_inst/add_145_1/CI undriven or does not drive anything - clipped.
Signal vga_inst/add_2365_11/S1 undriven or does not drive anything - clipped.
Signal vga_inst/add_2365_11/CO undriven or does not drive anything - clipped.
Signal vga_inst/unary_minus_147_add_3_1/S0 undriven or does not drive anything -
     clipped.
Signal vga_inst/unary_minus_147_add_3_1/CI undriven or does not drive anything -
     clipped.
Signal vga_inst/add_162_11/CO undriven or does not drive anything - clipped.
Signal vga_inst/add_170_11/S1 undriven or does not drive anything - clipped.
Signal vga_inst/add_170_11/CO undriven or does not drive anything - clipped.
Signal vga_inst/fipsy_rom_data_mem_7__I_0_8/S0 undriven or does not drive
     anything - clipped.
Signal vga_inst/fipsy_rom_data_mem_7__I_0_8/CO undriven or does not drive
     anything - clipped.
Signal vga_inst/add_158_11/CO undriven or does not drive anything - clipped.
Signal vga_inst/add_2367_1/S1 undriven or does not drive anything - clipped.
Signal vga_inst/add_2367_1/S0 undriven or does not drive anything - clipped.
Signal vga_inst/add_2367_1/CI undriven or does not drive anything - clipped.
Block vga_inst/i3053 was optimized away.
Block vga_inst/i3052 was optimized away.
Block vga_inst/i3051 was optimized away.
Block vga_inst/fipsy_logo_inst/clk_I_0_1_lut was optimized away.
Block i1 was optimized away.
Block i9 was optimized away.

Memory Usage
------------

/vga_inst/digits_text_inst:
    EBRs: 1
    RAM SLICEs: 0
    Logic SLICEs: 0
    PFU Registers: 0
    -Contains EBR addr_reg_7__I_0:  TYPE= SP8KC,  Width= 8,  Depth= 256,
         REGMODE= NOREG,  RESETMODE= ASYNC,  ASYNC_RESET_RELEASE= SYNC,
         WRITEMODE= NORMAL,  GSR= DISABLED
/vga_inst/fipsy_logo_inst:
    EBRs: 1
    RAM SLICEs: 0
    Logic SLICEs: 0
    PFU Registers: 0
    -Contains EBR addr_reg_8__I_0:  TYPE= SP8KC,  Width= 8,  Depth= 512,
         REGMODE= NOREG,  RESETMODE= ASYNC,  ASYNC_RESET_RELEASE= SYNC,
         WRITEMODE= NORMAL,  GSR= DISABLED

                                    Page 6




Design:  Fipsy_Top                                     Date:  03/14/25  16:21:42

Memory Usage (cont)
-------------------

     

PLL/DLL Summary
---------------

PLL 1:                                     Pin/Node Value
  PLL Instance Name:                                Clk_25MHz_inst/PLLInst_0
  PLL Type:                                         EHXPLLJ
  Input Clock:                             NODE     INTERNAL_OSC
  Output Clock(P):                         NODE     clk
  Output Clock(S):                                  NONE
  Output Clock(S2):                                 NONE
  Output Clock(S3):                                 NONE
  Feedback Signal:                         NODE     clk
  Reset Signal:                                     NONE
  M Divider Reset Signal:                           NONE
  C Divider Reset Signal:                           NONE
  D Divider Reset Signal:                           NONE
  Standby Signal:                                   NONE
  PLL LOCK signal:                                  NONE
  PLL Data bus CLK Signal:                          NONE
  PLL Data bus Strobe Signal:                       NONE
  PLL Data bus Reset Signal:                        NONE
  PLL Data bus Write Enable Signal:                 NONE
  PLL Data bus Address0:                            NONE
  PLL Data bus Address1:                            NONE
  PLL Data bus Address2:                            NONE
  PLL Data bus Address3:                            NONE
  PLL Data bus Address4:                            NONE
  PLL Data In bus Data0:                            NONE
  PLL Data In bus Data1:                            NONE
  PLL Data In bus Data2:                            NONE
  PLL Data In bus Data3:                            NONE
  PLL Data In bus Data4:                            NONE
  PLL Data In bus Data5:                            NONE
  PLL Data In bus Data6:                            NONE
  PLL Data In bus Data7:                            NONE
  PLL Data bus Acknowledge:                         NONE
  PLL Data Out bus Data0:                           NONE
  PLL Data Out bus Data1:                           NONE
  PLL Data Out bus Data2:                           NONE
  PLL Data Out bus Data3:                           NONE
  PLL Data Out bus Data4:                           NONE
  PLL Data Out bus Data5:                           NONE
  PLL Data Out bus Data6:                           NONE
  PLL Data Out bus Data7:                           NONE
  Input Clock Frequency (MHz):                      38.0000
  Output Clock(P) Frequency (MHz):                  25.3333
  Output Clock(S) Frequency (MHz):                  NA
  Output Clock(S2) Frequency (MHz):                 NA
  Output Clock(S3) Frequency (MHz):                 NA
  CLKOP Post Divider A Input:                       DIVA
  CLKOS Post Divider B Input:                       DIVB
  CLKOS2 Post Divider C Input:                      DIVC
  CLKOS3 Post Divider D Input:                      DIVD

                                    Page 7




Design:  Fipsy_Top                                     Date:  03/14/25  16:21:42

PLL/DLL Summary (cont)
----------------------
  Pre Divider A Input:                              VCO_PHASE
  Pre Divider B Input:                              VCO_PHASE
  Pre Divider C Input:                              VCO_PHASE
  Pre Divider D Input:                              VCO_PHASE
  VCO Bypass A Input:                               VCO_PHASE
  VCO Bypass B Input:                               VCO_PHASE
  VCO Bypass C Input:                               VCO_PHASE
  VCO Bypass D Input:                               VCO_PHASE
  FB_MODE:                                          CLKOP
  CLKI Divider:                                     3
  CLKFB Divider:                                    2
  CLKOP Divider:                                    21
  CLKOS Divider:                                    1
  CLKOS2 Divider:                                   1
  CLKOS3 Divider:                                   1
  Fractional N Divider:                             0
  CLKOP Desired Phase Shift(degree):                0
  CLKOP Trim Option Rising/Falling:                 RISING
  CLKOP Trim Option Delay:                          0
  CLKOS Desired Phase Shift(degree):                0
  CLKOS Trim Option Rising/Falling:                 FALLING
  CLKOS Trim Option Delay:                          0
  CLKOS2 Desired Phase Shift(degree):               0
  CLKOS3 Desired Phase Shift(degree):               0

OSC Summary
-----------

OSC 1:                                     Pin/Node Value
  OSC Instance Name:                                OSCH_inst
  OSC Type:                                         OSCH
  STDBY Input:                                      NONE
  OSC Output:                              NODE     INTERNAL_OSC
  OSC Nominal Frequency (MHz):                      38.00

ASIC Components
---------------

Instance Name: OSCH_inst
         Type: OSCH
Instance Name: vga_inst/fipsy_logo_inst/addr_reg_8__I_0
         Type: SP8KC
Instance Name: vga_inst/digits_text_inst/addr_reg_7__I_0
         Type: SP8KC
Instance Name: Clk_25MHz_inst/PLLInst_0
         Type: EHXPLLJ

Run Time and Memory Usage
-------------------------

   Total CPU Time: 0 secs  
   Total REAL Time: 0 secs  
   Peak Memory Usage: 44 MB
        



                                    Page 8


Copyright (c) 1991-1994 by NeoCAD Inc. All rights reserved.
     Copyright (c) 1995 AT&T Corp.   All rights reserved.
     Copyright (c) 1995-2001 Lucent Technologies Inc.  All rights reserved.
     Copyright (c) 2001 Agere Systems   All rights reserved.
     Copyright (c) 2002-2023 Lattice Semiconductor Corporation,  All rights
     reserved.
